<?xml version="1.0" encoding="UTF-8"?>
<!-- Generated by org.testng.reporters.JUnitReportReporter -->
<testsuite skipped="0" hostname="LAPTOP-B84FV6SC" name="org.example.AppTest" tests="1" failures="0" timestamp="2022-04-30T19:28:45 BST" time="0.000" errors="0">
  <testcase name="shouldAnswerWithTrue" time="0.000" classname="org.example.AppTest"/>
  <system-out/>
</testsuite> <!-- org.example.AppTest -->
